This file contains any messages produced by compilers while
running configure, to aid debugging if configure makes a mistake.

It was created by configure, which was
generated by GNU Autoconf 2.69.  Invocation command line was

  $ ./configure 

## --------- ##
## Platform. ##
## --------- ##

hostname = ubuntu
uname -m = i686
uname -r = 3.13.0-32-generic
uname -s = Linux
uname -v = #57-Ubuntu SMP Tue Jul 15 03:51:12 UTC 2014

/usr/bin/uname -p = unknown
/bin/uname -X     = unknown

/bin/arch              = unknown
/usr/bin/arch -k       = unknown
/usr/convex/getsysinfo = unknown
/usr/bin/hostinfo      = unknown
/bin/machine           = unknown
/usr/bin/oslevel       = unknown
/bin/universe          = unknown

PATH: /usr/local/arm/arm-2009q3/bin
PATH: /usr/local/sbin
PATH: /usr/local/bin
PATH: /usr/sbin
PATH: /usr/bin
PATH: /sbin
PATH: /bin
PATH: /usr/games
PATH: /usr/local/games
PATH: /usr/local/include
PATH: /usr/local/lib/


## ----------- ##
## Core tests. ##
## ----------- ##

configure:2253: checking for a BSD-compatible install
configure:2321: result: /usr/bin/install -c
configure:2332: checking whether build environment is sane
configure:2387: result: yes
configure:2538: checking for a thread-safe mkdir -p
configure:2577: result: /bin/mkdir -p
configure:2584: checking for gawk
configure:2614: result: no
configure:2584: checking for mawk
configure:2600: found /usr/bin/mawk
configure:2611: result: mawk
configure:2622: checking whether make sets $(MAKE)
configure:2644: result: yes
configure:2673: checking whether make supports nested variables
configure:2690: result: yes
configure:2819: checking whether to enable maintainer-specific portions of Makefiles
configure:2828: result: no
configure:2890: checking for gcc
configure:2906: found /usr/bin/gcc
configure:2917: result: gcc
configure:3146: checking for C compiler version
configure:3155: gcc --version >&5
gcc (Ubuntu 4.8.2-19ubuntu1) 4.8.2
Copyright (C) 2013 Free Software Foundation, Inc.
This is free software; see the source for copying conditions.  There is NO
warranty; not even for MERCHANTABILITY or FITNESS FOR A PARTICULAR PURPOSE.

configure:3166: $? = 0
configure:3155: gcc -v >&5
Using built-in specs.
COLLECT_GCC=gcc
COLLECT_LTO_WRAPPER=/usr/lib/gcc/i686-linux-gnu/4.8/lto-wrapper
Target: i686-linux-gnu
Configured with: ../src/configure -v --with-pkgversion='Ubuntu 4.8.2-19ubuntu1' --with-bugurl=file:///usr/share/doc/gcc-4.8/README.Bugs --enable-languages=c,c++,java,go,d,fortran,objc,obj-c++ --prefix=/usr --program-suffix=-4.8 --enable-shared --enable-linker-build-id --libexecdir=/usr/lib --without-included-gettext --enable-threads=posix --with-gxx-include-dir=/usr/include/c++/4.8 --libdir=/usr/lib --enable-nls --with-sysroot=/ --enable-clocale=gnu --enable-libstdcxx-debug --enable-libstdcxx-time=yes --enable-gnu-unique-object --disable-libmudflap --enable-plugin --with-system-zlib --disable-browser-plugin --enable-java-awt=gtk --enable-gtk-cairo --with-java-home=/usr/lib/jvm/java-1.5.0-gcj-4.8-i386/jre --enable-java-home --with-jvm-root-dir=/usr/lib/jvm/java-1.5.0-gcj-4.8-i386 --with-jvm-jar-dir=/usr/lib/jvm-exports/java-1.5.0-gcj-4.8-i386 --with-arch-directory=i386 --with-ecj-jar=/usr/share/java/eclipse-ecj.jar --enable-objc-gc --enable-targets=all --enable-multiarch --disable-werror --with-arch-32=i686 --with-multilib-list=m32,m64,mx32 --with-tune=generic --enable-checking=release --build=i686-linux-gnu --host=i686-linux-gnu --target=i686-linux-gnu
Thread model: posix
gcc version 4.8.2 (Ubuntu 4.8.2-19ubuntu1) 
configure:3166: $? = 0
configure:3155: gcc -V >&5
gcc: error: unrecognized command line option '-V'
gcc: fatal error: no input files
compilation terminated.
configure:3166: $? = 4
configure:3155: gcc -qversion >&5
gcc: error: unrecognized command line option '-qversion'
gcc: fatal error: no input files
compilation terminated.
configure:3166: $? = 4
configure:3186: checking whether the C compiler works
configure:3208: gcc    conftest.c  >&5
configure:3212: $? = 0
configure:3260: result: yes
configure:3263: checking for C compiler default output file name
configure:3265: result: a.out
configure:3271: checking for suffix of executables
configure:3278: gcc -o conftest    conftest.c  >&5
configure:3282: $? = 0
configure:3304: result: 
configure:3326: checking whether we are cross compiling
configure:3334: gcc -o conftest    conftest.c  >&5
configure:3338: $? = 0
configure:3345: ./conftest
configure:3349: $? = 0
configure:3364: result: no
configure:3369: checking for suffix of object files
configure:3391: gcc -c   conftest.c >&5
configure:3395: $? = 0
configure:3416: result: o
configure:3420: checking whether we are using the GNU C compiler
configure:3439: gcc -c   conftest.c >&5
configure:3439: $? = 0
configure:3448: result: yes
configure:3457: checking whether gcc accepts -g
configure:3477: gcc -c -g  conftest.c >&5
configure:3477: $? = 0
configure:3518: result: yes
configure:3535: checking for gcc option to accept ISO C89
configure:3598: gcc  -c -g -O2  conftest.c >&5
configure:3598: $? = 0
configure:3611: result: none needed
configure:3636: checking whether gcc understands -c and -o together
configure:3658: gcc -c conftest.c -o conftest2.o
configure:3661: $? = 0
configure:3658: gcc -c conftest.c -o conftest2.o
configure:3661: $? = 0
configure:3673: result: yes
configure:3701: checking for style of include used by make
configure:3729: result: GNU
configure:3755: checking dependency style of gcc
configure:3866: result: gcc3
configure:3918: checking build system type
configure:3932: result: i686-pc-linux-gnu
configure:3952: checking host system type
configure:3965: result: i686-pc-linux-gnu
configure:4006: checking how to print strings
configure:4033: result: printf
configure:4054: checking for a sed that does not truncate output
configure:4118: result: /bin/sed
configure:4136: checking for grep that handles long lines and -e
configure:4194: result: /bin/grep
configure:4199: checking for egrep
configure:4261: result: /bin/grep -E
configure:4266: checking for fgrep
configure:4328: result: /bin/grep -F
configure:4363: checking for ld used by gcc
configure:4430: result: /usr/bin/ld
configure:4437: checking if the linker (/usr/bin/ld) is GNU ld
configure:4452: result: yes
configure:4464: checking for BSD- or MS-compatible name lister (nm)
configure:4513: result: /usr/bin/nm -B
configure:4643: checking the name lister (/usr/bin/nm -B) interface
configure:4650: gcc -c -g -O3  conftest.c >&5
configure:4653: /usr/bin/nm -B "conftest.o"
configure:4656: output
00000000 B some_variable
configure:4663: result: BSD nm
configure:4666: checking whether ln -s works
configure:4670: result: yes
configure:4678: checking the maximum length of command line arguments
configure:4809: result: 1572864
configure:4826: checking whether the shell understands some XSI constructs
configure:4836: result: yes
configure:4840: checking whether the shell understands "+="
configure:4846: result: yes
configure:4881: checking how to convert i686-pc-linux-gnu file names to i686-pc-linux-gnu format
configure:4921: result: func_convert_file_noop
configure:4928: checking how to convert i686-pc-linux-gnu file names to toolchain format
configure:4948: result: func_convert_file_noop
configure:4955: checking for /usr/bin/ld option to reload object files
configure:4962: result: -r
configure:5036: checking for objdump
configure:5052: found /usr/bin/objdump
configure:5063: result: objdump
configure:5095: checking how to recognize dependent libraries
configure:5293: result: pass_all
configure:5378: checking for dlltool
configure:5408: result: no
configure:5438: checking how to associate runtime and link libraries
configure:5465: result: printf %s\n
configure:5526: checking for ar
configure:5542: found /usr/bin/ar
configure:5553: result: ar
configure:5590: checking for archiver @FILE support
configure:5607: gcc -c -g -O3  conftest.c >&5
configure:5607: $? = 0
configure:5610: ar cru libconftest.a @conftest.lst >&5
configure:5613: $? = 0
configure:5618: ar cru libconftest.a @conftest.lst >&5
ar: conftest.o: No such file or directory
configure:5621: $? = 1
configure:5633: result: @
configure:5691: checking for strip
configure:5707: found /usr/bin/strip
configure:5718: result: strip
configure:5790: checking for ranlib
configure:5806: found /usr/bin/ranlib
configure:5817: result: ranlib
configure:5919: checking command to parse /usr/bin/nm -B output from gcc object
configure:6039: gcc -c -g -O3  conftest.c >&5
configure:6042: $? = 0
configure:6046: /usr/bin/nm -B conftest.o \| sed -n -e 's/^.*[ ]\([ABCDGIRSTW][ABCDGIRSTW]*\)[ ][ ]*\([_A-Za-z][_A-Za-z0-9]*\)$/\1 \2 \2/p' | sed '/ __gnu_lto/d' \> conftest.nm
configure:6049: $? = 0
configure:6115: gcc -o conftest -g -O3   conftest.c conftstm.o >&5
configure:6118: $? = 0
configure:6156: result: ok
configure:6193: checking for sysroot
configure:6223: result: no
configure:6492: checking for mt
configure:6508: found /bin/mt
configure:6519: result: mt
configure:6542: checking if mt is a manifest tool
configure:6548: mt '-?'
configure:6556: result: no
configure:7198: checking how to run the C preprocessor
configure:7229: gcc -E  conftest.c
configure:7229: $? = 0
configure:7243: gcc -E  conftest.c
conftest.c:11:28: fatal error: ac_nonexistent.h: No such file or directory
 #include <ac_nonexistent.h>
                            ^
compilation terminated.
configure:7243: $? = 1
configure: failed program was:
| /* confdefs.h */
| #define PACKAGE_NAME ""
| #define PACKAGE_TARNAME ""
| #define PACKAGE_VERSION ""
| #define PACKAGE_STRING ""
| #define PACKAGE_BUGREPORT ""
| #define PACKAGE_URL ""
| #define PACKAGE "libev"
| #define VERSION "4.22"
| /* end confdefs.h.  */
| #include <ac_nonexistent.h>
configure:7268: result: gcc -E
configure:7288: gcc -E  conftest.c
configure:7288: $? = 0
configure:7302: gcc -E  conftest.c
conftest.c:11:28: fatal error: ac_nonexistent.h: No such file or directory
 #include <ac_nonexistent.h>
                            ^
compilation terminated.
configure:7302: $? = 1
configure: failed program was:
| /* confdefs.h */
| #define PACKAGE_NAME ""
| #define PACKAGE_TARNAME ""
| #define PACKAGE_VERSION ""
| #define PACKAGE_STRING ""
| #define PACKAGE_BUGREPORT ""
| #define PACKAGE_URL ""
| #define PACKAGE "libev"
| #define VERSION "4.22"
| /* end confdefs.h.  */
| #include <ac_nonexistent.h>
configure:7331: checking for ANSI C header files
configure:7351: gcc -c -g -O3  conftest.c >&5
configure:7351: $? = 0
configure:7424: gcc -o conftest -g -O3   conftest.c  >&5
configure:7424: $? = 0
configure:7424: ./conftest
configure:7424: $? = 0
configure:7435: result: yes
configure:7448: checking for sys/types.h
configure:7448: gcc -c -g -O3  conftest.c >&5
configure:7448: $? = 0
configure:7448: result: yes
configure:7448: checking for sys/stat.h
configure:7448: gcc -c -g -O3  conftest.c >&5
configure:7448: $? = 0
configure:7448: result: yes
configure:7448: checking for stdlib.h
configure:7448: gcc -c -g -O3  conftest.c >&5
configure:7448: $? = 0
configure:7448: result: yes
configure:7448: checking for string.h
configure:7448: gcc -c -g -O3  conftest.c >&5
configure:7448: $? = 0
configure:7448: result: yes
configure:7448: checking for memory.h
configure:7448: gcc -c -g -O3  conftest.c >&5
configure:7448: $? = 0
configure:7448: result: yes
configure:7448: checking for strings.h
configure:7448: gcc -c -g -O3  conftest.c >&5
configure:7448: $? = 0
configure:7448: result: yes
configure:7448: checking for inttypes.h
configure:7448: gcc -c -g -O3  conftest.c >&5
configure:7448: $? = 0
configure:7448: result: yes
configure:7448: checking for stdint.h
configure:7448: gcc -c -g -O3  conftest.c >&5
configure:7448: $? = 0
configure:7448: result: yes
configure:7448: checking for unistd.h
configure:7448: gcc -c -g -O3  conftest.c >&5
configure:7448: $? = 0
configure:7448: result: yes
configure:7462: checking for dlfcn.h
configure:7462: gcc -c -g -O3  conftest.c >&5
configure:7462: $? = 0
configure:7462: result: yes
configure:7668: checking for objdir
configure:7683: result: .libs
configure:7950: checking if gcc supports -fno-rtti -fno-exceptions
configure:7968: gcc -c -g -O3  -fno-rtti -fno-exceptions conftest.c >&5
cc1: warning: command line option '-fno-rtti' is valid for C++/ObjC++ but not for C [enabled by default]
configure:7972: $? = 0
configure:7985: result: no
configure:8312: checking for gcc option to produce PIC
configure:8319: result: -fPIC -DPIC
configure:8327: checking if gcc PIC flag -fPIC -DPIC works
configure:8345: gcc -c -g -O3  -fPIC -DPIC -DPIC conftest.c >&5
configure:8349: $? = 0
configure:8362: result: yes
configure:8391: checking if gcc static flag -static works
configure:8419: result: yes
configure:8434: checking if gcc supports -c -o file.o
configure:8455: gcc -c -g -O3  -o out/conftest2.o conftest.c >&5
configure:8459: $? = 0
configure:8481: result: yes
configure:8489: checking if gcc supports -c -o file.o
configure:8536: result: yes
configure:8569: checking whether the gcc linker (/usr/bin/ld) supports shared libraries
configure:9726: result: yes
configure:9763: checking whether -lc should be explicitly linked in
configure:9771: gcc -c -g -O3  conftest.c >&5
configure:9774: $? = 0
configure:9789: gcc -shared  -fPIC -DPIC conftest.o  -v -Wl,-soname -Wl,conftest -o conftest 2\>\&1 \| /bin/grep  -lc  \>/dev/null 2\>\&1
configure:9792: $? = 0
configure:9806: result: no
configure:9966: checking dynamic linker characteristics
configure:10466: gcc -o conftest -g -O3   -Wl,-rpath -Wl,/foo conftest.c  >&5
configure:10466: $? = 0
configure:10700: result: GNU/Linux ld.so
configure:10807: checking how to hardcode library paths into programs
configure:10832: result: immediate
configure:11372: checking whether stripping libraries is possible
configure:11377: result: yes
configure:11412: checking if libtool supports shared libraries
configure:11414: result: yes
configure:11417: checking whether to build shared libraries
configure:11438: result: yes
configure:11441: checking whether to build static libraries
configure:11445: result: yes
configure:11487: checking sys/inotify.h usability
configure:11487: gcc -c -g -O3  conftest.c >&5
configure:11487: $? = 0
configure:11487: result: yes
configure:11487: checking sys/inotify.h presence
configure:11487: gcc -E  conftest.c
configure:11487: $? = 0
configure:11487: result: yes
configure:11487: checking for sys/inotify.h
configure:11487: result: yes
configure:11487: checking sys/epoll.h usability
configure:11487: gcc -c -g -O3  conftest.c >&5
configure:11487: $? = 0
configure:11487: result: yes
configure:11487: checking sys/epoll.h presence
configure:11487: gcc -E  conftest.c
configure:11487: $? = 0
configure:11487: result: yes
configure:11487: checking for sys/epoll.h
configure:11487: result: yes
configure:11487: checking sys/event.h usability
configure:11487: gcc -c -g -O3  conftest.c >&5
conftest.c:58:23: fatal error: sys/event.h: No such file or directory
 #include <sys/event.h>
                       ^
compilation terminated.
configure:11487: $? = 1
configure: failed program was:
| /* confdefs.h */
| #define PACKAGE_NAME ""
| #define PACKAGE_TARNAME ""
| #define PACKAGE_VERSION ""
| #define PACKAGE_STRING ""
| #define PACKAGE_BUGREPORT ""
| #define PACKAGE_URL ""
| #define PACKAGE "libev"
| #define VERSION "4.22"
| #define STDC_HEADERS 1
| #define HAVE_SYS_TYPES_H 1
| #define HAVE_SYS_STAT_H 1
| #define HAVE_STDLIB_H 1
| #define HAVE_STRING_H 1
| #define HAVE_MEMORY_H 1
| #define HAVE_STRINGS_H 1
| #define HAVE_INTTYPES_H 1
| #define HAVE_STDINT_H 1
| #define HAVE_UNISTD_H 1
| #define HAVE_DLFCN_H 1
| #define LT_OBJDIR ".libs/"
| #define HAVE_SYS_INOTIFY_H 1
| #define HAVE_SYS_EPOLL_H 1
| /* end confdefs.h.  */
| #include <stdio.h>
| #ifdef HAVE_SYS_TYPES_H
| # include <sys/types.h>
| #endif
| #ifdef HAVE_SYS_STAT_H
| # include <sys/stat.h>
| #endif
| #ifdef STDC_HEADERS
| # include <stdlib.h>
| # include <stddef.h>
| #else
| # ifdef HAVE_STDLIB_H
| #  include <stdlib.h>
| # endif
| #endif
| #ifdef HAVE_STRING_H
| # if !defined STDC_HEADERS && defined HAVE_MEMORY_H
| #  include <memory.h>
| # endif
| # include <string.h>
| #endif
| #ifdef HAVE_STRINGS_H
| # include <strings.h>
| #endif
| #ifdef HAVE_INTTYPES_H
| # include <inttypes.h>
| #endif
| #ifdef HAVE_STDINT_H
| # include <stdint.h>
| #endif
| #ifdef HAVE_UNISTD_H
| # include <unistd.h>
| #endif
| #include <sys/event.h>
configure:11487: result: no
configure:11487: checking sys/event.h presence
configure:11487: gcc -E  conftest.c
conftest.c:25:23: fatal error: sys/event.h: No such file or directory
 #include <sys/event.h>
                       ^
compilation terminated.
configure:11487: $? = 1
configure: failed program was:
| /* confdefs.h */
| #define PACKAGE_NAME ""
| #define PACKAGE_TARNAME ""
| #define PACKAGE_VERSION ""
| #define PACKAGE_STRING ""
| #define PACKAGE_BUGREPORT ""
| #define PACKAGE_URL ""
| #define PACKAGE "libev"
| #define VERSION "4.22"
| #define STDC_HEADERS 1
| #define HAVE_SYS_TYPES_H 1
| #define HAVE_SYS_STAT_H 1
| #define HAVE_STDLIB_H 1
| #define HAVE_STRING_H 1
| #define HAVE_MEMORY_H 1
| #define HAVE_STRINGS_H 1
| #define HAVE_INTTYPES_H 1
| #define HAVE_STDINT_H 1
| #define HAVE_UNISTD_H 1
| #define HAVE_DLFCN_H 1
| #define LT_OBJDIR ".libs/"
| #define HAVE_SYS_INOTIFY_H 1
| #define HAVE_SYS_EPOLL_H 1
| /* end confdefs.h.  */
| #include <sys/event.h>
configure:11487: result: no
configure:11487: checking for sys/event.h
configure:11487: result: no
configure:11487: checking port.h usability
configure:11487: gcc -c -g -O3  conftest.c >&5
conftest.c:58:18: fatal error: port.h: No such file or directory
 #include <port.h>
                  ^
compilation terminated.
configure:11487: $? = 1
configure: failed program was:
| /* confdefs.h */
| #define PACKAGE_NAME ""
| #define PACKAGE_TARNAME ""
| #define PACKAGE_VERSION ""
| #define PACKAGE_STRING ""
| #define PACKAGE_BUGREPORT ""
| #define PACKAGE_URL ""
| #define PACKAGE "libev"
| #define VERSION "4.22"
| #define STDC_HEADERS 1
| #define HAVE_SYS_TYPES_H 1
| #define HAVE_SYS_STAT_H 1
| #define HAVE_STDLIB_H 1
| #define HAVE_STRING_H 1
| #define HAVE_MEMORY_H 1
| #define HAVE_STRINGS_H 1
| #define HAVE_INTTYPES_H 1
| #define HAVE_STDINT_H 1
| #define HAVE_UNISTD_H 1
| #define HAVE_DLFCN_H 1
| #define LT_OBJDIR ".libs/"
| #define HAVE_SYS_INOTIFY_H 1
| #define HAVE_SYS_EPOLL_H 1
| /* end confdefs.h.  */
| #include <stdio.h>
| #ifdef HAVE_SYS_TYPES_H
| # include <sys/types.h>
| #endif
| #ifdef HAVE_SYS_STAT_H
| # include <sys/stat.h>
| #endif
| #ifdef STDC_HEADERS
| # include <stdlib.h>
| # include <stddef.h>
| #else
| # ifdef HAVE_STDLIB_H
| #  include <stdlib.h>
| # endif
| #endif
| #ifdef HAVE_STRING_H
| # if !defined STDC_HEADERS && defined HAVE_MEMORY_H
| #  include <memory.h>
| # endif
| # include <string.h>
| #endif
| #ifdef HAVE_STRINGS_H
| # include <strings.h>
| #endif
| #ifdef HAVE_INTTYPES_H
| # include <inttypes.h>
| #endif
| #ifdef HAVE_STDINT_H
| # include <stdint.h>
| #endif
| #ifdef HAVE_UNISTD_H
| # include <unistd.h>
| #endif
| #include <port.h>
configure:11487: result: no
configure:11487: checking port.h presence
configure:11487: gcc -E  conftest.c
conftest.c:25:18: fatal error: port.h: No such file or directory
 #include <port.h>
                  ^
compilation terminated.
configure:11487: $? = 1
configure: failed program was:
| /* confdefs.h */
| #define PACKAGE_NAME ""
| #define PACKAGE_TARNAME ""
| #define PACKAGE_VERSION ""
| #define PACKAGE_STRING ""
| #define PACKAGE_BUGREPORT ""
| #define PACKAGE_URL ""
| #define PACKAGE "libev"
| #define VERSION "4.22"
| #define STDC_HEADERS 1
| #define HAVE_SYS_TYPES_H 1
| #define HAVE_SYS_STAT_H 1
| #define HAVE_STDLIB_H 1
| #define HAVE_STRING_H 1
| #define HAVE_MEMORY_H 1
| #define HAVE_STRINGS_H 1
| #define HAVE_INTTYPES_H 1
| #define HAVE_STDINT_H 1
| #define HAVE_UNISTD_H 1
| #define HAVE_DLFCN_H 1
| #define LT_OBJDIR ".libs/"
| #define HAVE_SYS_INOTIFY_H 1
| #define HAVE_SYS_EPOLL_H 1
| /* end confdefs.h.  */
| #include <port.h>
configure:11487: result: no
configure:11487: checking for port.h
configure:11487: result: no
configure:11487: checking poll.h usability
configure:11487: gcc -c -g -O3  conftest.c >&5
configure:11487: $? = 0
configure:11487: result: yes
configure:11487: checking poll.h presence
configure:11487: gcc -E  conftest.c
configure:11487: $? = 0
configure:11487: result: yes
configure:11487: checking for poll.h
configure:11487: result: yes
configure:11487: checking sys/select.h usability
configure:11487: gcc -c -g -O3  conftest.c >&5
configure:11487: $? = 0
configure:11487: result: yes
configure:11487: checking sys/select.h presence
configure:11487: gcc -E  conftest.c
configure:11487: $? = 0
configure:11487: result: yes
configure:11487: checking for sys/select.h
configure:11487: result: yes
configure:11487: checking sys/eventfd.h usability
configure:11487: gcc -c -g -O3  conftest.c >&5
configure:11487: $? = 0
configure:11487: result: yes
configure:11487: checking sys/eventfd.h presence
configure:11487: gcc -E  conftest.c
configure:11487: $? = 0
configure:11487: result: yes
configure:11487: checking for sys/eventfd.h
configure:11487: result: yes
configure:11487: checking sys/signalfd.h usability
configure:11487: gcc -c -g -O3  conftest.c >&5
configure:11487: $? = 0
configure:11487: result: yes
configure:11487: checking sys/signalfd.h presence
configure:11487: gcc -E  conftest.c
configure:11487: $? = 0
configure:11487: result: yes
configure:11487: checking for sys/signalfd.h
configure:11487: result: yes
configure:11501: checking for inotify_init
configure:11501: gcc -o conftest -g -O3   conftest.c  >&5
configure:11501: $? = 0
configure:11501: result: yes
configure:11501: checking for epoll_ctl
configure:11501: gcc -o conftest -g -O3   conftest.c  >&5
configure:11501: $? = 0
configure:11501: result: yes
configure:11501: checking for kqueue
configure:11501: gcc -o conftest -g -O3   conftest.c  >&5
/tmp/cc3UelAz.o: In function `main':
/home/aston/aston_share/libev/libev-master/conftest.c:65: undefined reference to `kqueue'
collect2: error: ld returned 1 exit status
configure:11501: $? = 1
configure: failed program was:
| /* confdefs.h */
| #define PACKAGE_NAME ""
| #define PACKAGE_TARNAME ""
| #define PACKAGE_VERSION ""
| #define PACKAGE_STRING ""
| #define PACKAGE_BUGREPORT ""
| #define PACKAGE_URL ""
| #define PACKAGE "libev"
| #define VERSION "4.22"
| #define STDC_HEADERS 1
| #define HAVE_SYS_TYPES_H 1
| #define HAVE_SYS_STAT_H 1
| #define HAVE_STDLIB_H 1
| #define HAVE_STRING_H 1
| #define HAVE_MEMORY_H 1
| #define HAVE_STRINGS_H 1
| #define HAVE_INTTYPES_H 1
| #define HAVE_STDINT_H 1
| #define HAVE_UNISTD_H 1
| #define HAVE_DLFCN_H 1
| #define LT_OBJDIR ".libs/"
| #define HAVE_SYS_INOTIFY_H 1
| #define HAVE_SYS_EPOLL_H 1
| #define HAVE_POLL_H 1
| #define HAVE_SYS_SELECT_H 1
| #define HAVE_SYS_EVENTFD_H 1
| #define HAVE_SYS_SIGNALFD_H 1
| #define HAVE_INOTIFY_INIT 1
| #define HAVE_EPOLL_CTL 1
| /* end confdefs.h.  */
| /* Define kqueue to an innocuous variant, in case <limits.h> declares kqueue.
|    For example, HP-UX 11i <limits.h> declares gettimeofday.  */
| #define kqueue innocuous_kqueue
| 
| /* System header to define __stub macros and hopefully few prototypes,
|     which can conflict with char kqueue (); below.
|     Prefer <limits.h> to <assert.h> if __STDC__ is defined, since
|     <limits.h> exists even on freestanding compilers.  */
| 
| #ifdef __STDC__
| # include <limits.h>
| #else
| # include <assert.h>
| #endif
| 
| #undef kqueue
| 
| /* Override any GCC internal prototype to avoid an error.
|    Use char because int might match the return type of a GCC
|    builtin and then its argument prototype would still apply.  */
| #ifdef __cplusplus
| extern "C"
| #endif
| char kqueue ();
| /* The GNU C library defines this for functions which it implements
|     to always fail with ENOSYS.  Some functions are actually named
|     something starting with __ and the normal name is an alias.  */
| #if defined __stub_kqueue || defined __stub___kqueue
| choke me
| #endif
| 
| int
| main ()
| {
| return kqueue ();
|   ;
|   return 0;
| }
configure:11501: result: no
configure:11501: checking for port_create
configure:11501: gcc -o conftest -g -O3   conftest.c  >&5
/tmp/ccpzQKnz.o: In function `main':
/home/aston/aston_share/libev/libev-master/conftest.c:65: undefined reference to `port_create'
collect2: error: ld returned 1 exit status
configure:11501: $? = 1
configure: failed program was:
| /* confdefs.h */
| #define PACKAGE_NAME ""
| #define PACKAGE_TARNAME ""
| #define PACKAGE_VERSION ""
| #define PACKAGE_STRING ""
| #define PACKAGE_BUGREPORT ""
| #define PACKAGE_URL ""
| #define PACKAGE "libev"
| #define VERSION "4.22"
| #define STDC_HEADERS 1
| #define HAVE_SYS_TYPES_H 1
| #define HAVE_SYS_STAT_H 1
| #define HAVE_STDLIB_H 1
| #define HAVE_STRING_H 1
| #define HAVE_MEMORY_H 1
| #define HAVE_STRINGS_H 1
| #define HAVE_INTTYPES_H 1
| #define HAVE_STDINT_H 1
| #define HAVE_UNISTD_H 1
| #define HAVE_DLFCN_H 1
| #define LT_OBJDIR ".libs/"
| #define HAVE_SYS_INOTIFY_H 1
| #define HAVE_SYS_EPOLL_H 1
| #define HAVE_POLL_H 1
| #define HAVE_SYS_SELECT_H 1
| #define HAVE_SYS_EVENTFD_H 1
| #define HAVE_SYS_SIGNALFD_H 1
| #define HAVE_INOTIFY_INIT 1
| #define HAVE_EPOLL_CTL 1
| /* end confdefs.h.  */
| /* Define port_create to an innocuous variant, in case <limits.h> declares port_create.
|    For example, HP-UX 11i <limits.h> declares gettimeofday.  */
| #define port_create innocuous_port_create
| 
| /* System header to define __stub macros and hopefully few prototypes,
|     which can conflict with char port_create (); below.
|     Prefer <limits.h> to <assert.h> if __STDC__ is defined, since
|     <limits.h> exists even on freestanding compilers.  */
| 
| #ifdef __STDC__
| # include <limits.h>
| #else
| # include <assert.h>
| #endif
| 
| #undef port_create
| 
| /* Override any GCC internal prototype to avoid an error.
|    Use char because int might match the return type of a GCC
|    builtin and then its argument prototype would still apply.  */
| #ifdef __cplusplus
| extern "C"
| #endif
| char port_create ();
| /* The GNU C library defines this for functions which it implements
|     to always fail with ENOSYS.  Some functions are actually named
|     something starting with __ and the normal name is an alias.  */
| #if defined __stub_port_create || defined __stub___port_create
| choke me
| #endif
| 
| int
| main ()
| {
| return port_create ();
|   ;
|   return 0;
| }
configure:11501: result: no
configure:11501: checking for poll
configure:11501: gcc -o conftest -g -O3   conftest.c  >&5
configure:11501: $? = 0
configure:11501: result: yes
configure:11501: checking for select
configure:11501: gcc -o conftest -g -O3   conftest.c  >&5
configure:11501: $? = 0
configure:11501: result: yes
configure:11501: checking for eventfd
configure:11501: gcc -o conftest -g -O3   conftest.c  >&5
configure:11501: $? = 0
configure:11501: result: yes
configure:11501: checking for signalfd
configure:11501: gcc -o conftest -g -O3   conftest.c  >&5
configure:11501: $? = 0
configure:11501: result: yes
configure:11513: checking for clock_gettime
configure:11513: gcc -o conftest -g -O3   conftest.c  >&5
configure:11513: $? = 0
configure:11513: result: yes
configure:11617: checking for nanosleep
configure:11617: gcc -o conftest -g -O3   conftest.c  >&5
configure:11617: $? = 0
configure:11617: result: yes
configure:11692: checking for library containing floor
configure:11723: gcc -o conftest -g -O3   conftest.c  >&5
conftest.c:44:6: warning: conflicting types for built-in function 'floor' [enabled by default]
 char floor ();
      ^
/tmp/cc2RLFxA.o: In function `main':
/home/aston/aston_share/libev/libev-master/conftest.c:48: undefined reference to `floor'
collect2: error: ld returned 1 exit status
configure:11723: $? = 1
configure: failed program was:
| /* confdefs.h */
| #define PACKAGE_NAME ""
| #define PACKAGE_TARNAME ""
| #define PACKAGE_VERSION ""
| #define PACKAGE_STRING ""
| #define PACKAGE_BUGREPORT ""
| #define PACKAGE_URL ""
| #define PACKAGE "libev"
| #define VERSION "4.22"
| #define STDC_HEADERS 1
| #define HAVE_SYS_TYPES_H 1
| #define HAVE_SYS_STAT_H 1
| #define HAVE_STDLIB_H 1
| #define HAVE_STRING_H 1
| #define HAVE_MEMORY_H 1
| #define HAVE_STRINGS_H 1
| #define HAVE_INTTYPES_H 1
| #define HAVE_STDINT_H 1
| #define HAVE_UNISTD_H 1
| #define HAVE_DLFCN_H 1
| #define LT_OBJDIR ".libs/"
| #define HAVE_SYS_INOTIFY_H 1
| #define HAVE_SYS_EPOLL_H 1
| #define HAVE_POLL_H 1
| #define HAVE_SYS_SELECT_H 1
| #define HAVE_SYS_EVENTFD_H 1
| #define HAVE_SYS_SIGNALFD_H 1
| #define HAVE_INOTIFY_INIT 1
| #define HAVE_EPOLL_CTL 1
| #define HAVE_POLL 1
| #define HAVE_SELECT 1
| #define HAVE_EVENTFD 1
| #define HAVE_SIGNALFD 1
| #define HAVE_CLOCK_GETTIME 1
| #define HAVE_NANOSLEEP 1
| /* end confdefs.h.  */
| 
| /* Override any GCC internal prototype to avoid an error.
|    Use char because int might match the return type of a GCC
|    builtin and then its argument prototype would still apply.  */
| #ifdef __cplusplus
| extern "C"
| #endif
| char floor ();
| int
| main ()
| {
| return floor ();
|   ;
|   return 0;
| }
configure:11723: gcc -o conftest -g -O3   conftest.c -lm   >&5
conftest.c:44:6: warning: conflicting types for built-in function 'floor' [enabled by default]
 char floor ();
      ^
configure:11723: $? = 0
configure:11740: result: -lm
configure:11864: checking that generated files are newer than configure
configure:11870: result: done
configure:11897: creating ./config.status

## ---------------------- ##
## Running config.status. ##
## ---------------------- ##

This file was extended by config.status, which was
generated by GNU Autoconf 2.69.  Invocation command line was

  CONFIG_FILES    = 
  CONFIG_HEADERS  = 
  CONFIG_LINKS    = 
  CONFIG_COMMANDS = 
  $ ./config.status 

on ubuntu

config.status:1098: creating Makefile
config.status:1098: creating config.h
config.status:1327: executing depfiles commands
config.status:1327: executing libtool commands

## ---------------- ##
## Cache variables. ##
## ---------------- ##

ac_cv_build=i686-pc-linux-gnu
ac_cv_c_compiler_gnu=yes
ac_cv_env_CC_set=
ac_cv_env_CC_value=
ac_cv_env_CFLAGS_set=
ac_cv_env_CFLAGS_value=
ac_cv_env_CPPFLAGS_set=
ac_cv_env_CPPFLAGS_value=
ac_cv_env_CPP_set=
ac_cv_env_CPP_value=
ac_cv_env_LDFLAGS_set=
ac_cv_env_LDFLAGS_value=
ac_cv_env_LIBS_set=
ac_cv_env_LIBS_value=
ac_cv_env_build_alias_set=
ac_cv_env_build_alias_value=
ac_cv_env_host_alias_set=
ac_cv_env_host_alias_value=
ac_cv_env_target_alias_set=
ac_cv_env_target_alias_value=
ac_cv_func_clock_gettime=yes
ac_cv_func_epoll_ctl=yes
ac_cv_func_eventfd=yes
ac_cv_func_inotify_init=yes
ac_cv_func_kqueue=no
ac_cv_func_nanosleep=yes
ac_cv_func_poll=yes
ac_cv_func_port_create=no
ac_cv_func_select=yes
ac_cv_func_signalfd=yes
ac_cv_header_dlfcn_h=yes
ac_cv_header_inttypes_h=yes
ac_cv_header_memory_h=yes
ac_cv_header_poll_h=yes
ac_cv_header_port_h=no
ac_cv_header_stdc=yes
ac_cv_header_stdint_h=yes
ac_cv_header_stdlib_h=yes
ac_cv_header_string_h=yes
ac_cv_header_strings_h=yes
ac_cv_header_sys_epoll_h=yes
ac_cv_header_sys_event_h=no
ac_cv_header_sys_eventfd_h=yes
ac_cv_header_sys_inotify_h=yes
ac_cv_header_sys_select_h=yes
ac_cv_header_sys_signalfd_h=yes
ac_cv_header_sys_stat_h=yes
ac_cv_header_sys_types_h=yes
ac_cv_header_unistd_h=yes
ac_cv_host=i686-pc-linux-gnu
ac_cv_objext=o
ac_cv_path_EGREP='/bin/grep -E'
ac_cv_path_FGREP='/bin/grep -F'
ac_cv_path_GREP=/bin/grep
ac_cv_path_SED=/bin/sed
ac_cv_path_install='/usr/bin/install -c'
ac_cv_path_mkdir=/bin/mkdir
ac_cv_prog_AWK=mawk
ac_cv_prog_CPP='gcc -E'
ac_cv_prog_ac_ct_AR=ar
ac_cv_prog_ac_ct_CC=gcc
ac_cv_prog_ac_ct_MANIFEST_TOOL=mt
ac_cv_prog_ac_ct_OBJDUMP=objdump
ac_cv_prog_ac_ct_RANLIB=ranlib
ac_cv_prog_ac_ct_STRIP=strip
ac_cv_prog_cc_c89=
ac_cv_prog_cc_g=yes
ac_cv_prog_make_make_set=yes
ac_cv_search_floor=-lm
am_cv_CC_dependencies_compiler_type=gcc3
am_cv_make_support_nested_variables=yes
am_cv_prog_cc_c_o=yes
lt_cv_ar_at_file=@
lt_cv_archive_cmds_need_lc=no
lt_cv_deplibs_check_method=pass_all
lt_cv_file_magic_cmd='$MAGIC_CMD'
lt_cv_file_magic_test_file=
lt_cv_ld_reload_flag=-r
lt_cv_nm_interface='BSD nm'
lt_cv_objdir=.libs
lt_cv_path_LD=/usr/bin/ld
lt_cv_path_NM='/usr/bin/nm -B'
lt_cv_path_mainfest_tool=no
lt_cv_prog_compiler_c_o=yes
lt_cv_prog_compiler_pic='-fPIC -DPIC'
lt_cv_prog_compiler_pic_works=yes
lt_cv_prog_compiler_rtti_exceptions=no
lt_cv_prog_compiler_static_works=yes
lt_cv_prog_gnu_ld=yes
lt_cv_sharedlib_from_linklib_cmd='printf %s\n'
lt_cv_shlibpath_overrides_runpath=no
lt_cv_sys_global_symbol_pipe='sed -n -e '\''s/^.*[	 ]\([ABCDGIRSTW][ABCDGIRSTW]*\)[	 ][	 ]*\([_A-Za-z][_A-Za-z0-9]*\)$/\1 \2 \2/p'\'' | sed '\''/ __gnu_lto/d'\'''
lt_cv_sys_global_symbol_to_c_name_address='sed -n -e '\''s/^: \([^ ]*\)[ ]*$/  {\"\1\", (void *) 0},/p'\'' -e '\''s/^[ABCDGIRSTW]* \([^ ]*\) \([^ ]*\)$/  {"\2", (void *) \&\2},/p'\'''
lt_cv_sys_global_symbol_to_c_name_address_lib_prefix='sed -n -e '\''s/^: \([^ ]*\)[ ]*$/  {\"\1\", (void *) 0},/p'\'' -e '\''s/^[ABCDGIRSTW]* \([^ ]*\) \(lib[^ ]*\)$/  {"\2", (void *) \&\2},/p'\'' -e '\''s/^[ABCDGIRSTW]* \([^ ]*\) \([^ ]*\)$/  {"lib\2", (void *) \&\2},/p'\'''
lt_cv_sys_global_symbol_to_cdecl='sed -n -e '\''s/^T .* \(.*\)$/extern int \1();/p'\'' -e '\''s/^[ABCDGIRSTW]* .* \(.*\)$/extern char \1;/p'\'''
lt_cv_sys_max_cmd_len=1572864
lt_cv_to_host_file_cmd=func_convert_file_noop
lt_cv_to_tool_file_cmd=func_convert_file_noop

## ----------------- ##
## Output variables. ##
## ----------------- ##

ACLOCAL='${SHELL} /home/aston/aston_share/libev/libev-master/missing aclocal-1.14'
AMDEPBACKSLASH='\'
AMDEP_FALSE='#'
AMDEP_TRUE=''
AMTAR='$${TAR-tar}'
AM_BACKSLASH='\'
AM_DEFAULT_V='$(AM_DEFAULT_VERBOSITY)'
AM_DEFAULT_VERBOSITY='1'
AM_V='$(V)'
AR='ar'
AUTOCONF='${SHELL} /home/aston/aston_share/libev/libev-master/missing autoconf'
AUTOHEADER='${SHELL} /home/aston/aston_share/libev/libev-master/missing autoheader'
AUTOMAKE='${SHELL} /home/aston/aston_share/libev/libev-master/missing automake-1.14'
AWK='mawk'
CC='gcc'
CCDEPMODE='depmode=gcc3'
CFLAGS='-g -O3'
CPP='gcc -E'
CPPFLAGS=''
CYGPATH_W='echo'
DEFS='-DHAVE_CONFIG_H'
DEPDIR='.deps'
DLLTOOL='false'
DSYMUTIL=''
DUMPBIN=''
ECHO_C=''
ECHO_N='-n'
ECHO_T=''
EGREP='/bin/grep -E'
EXEEXT=''
FGREP='/bin/grep -F'
GREP='/bin/grep'
INSTALL_DATA='${INSTALL} -m 644'
INSTALL_PROGRAM='${INSTALL}'
INSTALL_SCRIPT='${INSTALL}'
INSTALL_STRIP_PROGRAM='$(install_sh) -c -s'
LD='/usr/bin/ld'
LDFLAGS=''
LIBOBJS=''
LIBS='-lm '
LIBTOOL='$(SHELL) $(top_builddir)/libtool'
LIPO=''
LN_S='ln -s'
LTLIBOBJS=''
MAINT='#'
MAINTAINER_MODE_FALSE=''
MAINTAINER_MODE_TRUE='#'
MAKEINFO='${SHELL} /home/aston/aston_share/libev/libev-master/missing makeinfo'
MANIFEST_TOOL=':'
MKDIR_P='/bin/mkdir -p'
NM='/usr/bin/nm -B'
NMEDIT=''
OBJDUMP='objdump'
OBJEXT='o'
OTOOL64=''
OTOOL=''
PACKAGE='libev'
PACKAGE_BUGREPORT=''
PACKAGE_NAME=''
PACKAGE_STRING=''
PACKAGE_TARNAME=''
PACKAGE_URL=''
PACKAGE_VERSION=''
PATH_SEPARATOR=':'
RANLIB='ranlib'
SED='/bin/sed'
SET_MAKE=''
SHELL='/bin/bash'
STRIP='strip'
VERSION='4.22'
ac_ct_AR='ar'
ac_ct_CC='gcc'
ac_ct_DUMPBIN=''
am__EXEEXT_FALSE=''
am__EXEEXT_TRUE='#'
am__fastdepCC_FALSE='#'
am__fastdepCC_TRUE=''
am__include='include'
am__isrc=''
am__leading_dot='.'
am__nodep='_no'
am__quote=''
am__tar='$${TAR-tar} chof - "$$tardir"'
am__untar='$${TAR-tar} xf -'
bindir='${exec_prefix}/bin'
build='i686-pc-linux-gnu'
build_alias=''
build_cpu='i686'
build_os='linux-gnu'
build_vendor='pc'
datadir='${datarootdir}'
datarootdir='${prefix}/share'
docdir='${datarootdir}/doc/${PACKAGE}'
dvidir='${docdir}'
exec_prefix='${prefix}'
host='i686-pc-linux-gnu'
host_alias=''
host_cpu='i686'
host_os='linux-gnu'
host_vendor='pc'
htmldir='${docdir}'
includedir='${prefix}/include'
infodir='${datarootdir}/info'
install_sh='${SHELL} /home/aston/aston_share/libev/libev-master/install-sh'
libdir='${exec_prefix}/lib'
libexecdir='${exec_prefix}/libexec'
localedir='${datarootdir}/locale'
localstatedir='${prefix}/var'
mandir='${datarootdir}/man'
mkdir_p='$(MKDIR_P)'
oldincludedir='/usr/include'
pdfdir='${docdir}'
prefix='/usr/local'
program_transform_name='s,x,x,'
psdir='${docdir}'
sbindir='${exec_prefix}/sbin'
sharedstatedir='${prefix}/com'
sysconfdir='${prefix}/etc'
target_alias=''

## ----------- ##
## confdefs.h. ##
## ----------- ##

/* confdefs.h */
#define PACKAGE_NAME ""
#define PACKAGE_TARNAME ""
#define PACKAGE_VERSION ""
#define PACKAGE_STRING ""
#define PACKAGE_BUGREPORT ""
#define PACKAGE_URL ""
#define PACKAGE "libev"
#define VERSION "4.22"
#define STDC_HEADERS 1
#define HAVE_SYS_TYPES_H 1
#define HAVE_SYS_STAT_H 1
#define HAVE_STDLIB_H 1
#define HAVE_STRING_H 1
#define HAVE_MEMORY_H 1
#define HAVE_STRINGS_H 1
#define HAVE_INTTYPES_H 1
#define HAVE_STDINT_H 1
#define HAVE_UNISTD_H 1
#define HAVE_DLFCN_H 1
#define LT_OBJDIR ".libs/"
#define HAVE_SYS_INOTIFY_H 1
#define HAVE_SYS_EPOLL_H 1
#define HAVE_POLL_H 1
#define HAVE_SYS_SELECT_H 1
#define HAVE_SYS_EVENTFD_H 1
#define HAVE_SYS_SIGNALFD_H 1
#define HAVE_INOTIFY_INIT 1
#define HAVE_EPOLL_CTL 1
#define HAVE_POLL 1
#define HAVE_SELECT 1
#define HAVE_EVENTFD 1
#define HAVE_SIGNALFD 1
#define HAVE_CLOCK_GETTIME 1
#define HAVE_NANOSLEEP 1
#define HAVE_FLOOR 1

configure: exit 0
